Buildfile generation error occurred..
This project does not contain a buildable RTSC Configuration (.cfg) file. In order for it to build, this project must contain one RTSC Configuration file that is not excluded from build.
Build stopped..

**** Clean-only build of configuration Debug for project P2 Timer-Blink LED1 ****

"C:\\CCS\\CCS_CODE\\ccs\\utils\\bin\\gmake" -k -j 4 clean -O 
 
DEL /F  "P2 Timer-Blink LED1.hex"  "P2 Timer-Blink LED1.out" 
DEL /F "main.obj" 
DEL /F "main.d" 
找不到 C:\0Practice\Hardware\MSP430\G2553\P2 Timer-Blink LED1\Debug\P2 Timer-Blink LED1.hex
找不到 C:\0Practice\Hardware\MSP430\G2553\P2 Timer-Blink LED1\Debug\main.obj
找不到 C:\0Practice\Hardware\MSP430\G2553\P2 Timer-Blink LED1\Debug\main.d
Finished clean
 

**** Build Finished ****
Buildfile generation error occurred..
This project does not contain a buildable RTSC Configuration (.cfg) file. In order for it to build, this project must contain one RTSC Configuration file that is not excluded from build.
Build stopped..

**** Build of configuration Debug for project P2 TimerA Blink LED1 ****

"C:\\CCS\\CCS_CODE\\ccs\\utils\\bin\\gmake" -k -j 4 all -O 
 
Building file: "../main.c"
Invoking: MSP430 Compiler
"C:/CCS/CCS_CODE/ccs/tools/compiler/ti-cgt-msp430_20.2.0.LTS/bin/cl430" -vmsp --use_hw_mpy=none --include_path="C:/CCS/CCS_CODE/ccs/ccs_base/msp430/include" --include_path="C:/0Practice/Hardware/MSP430/G2553/P2 TimerA Blink LED1" --include_path="C:/CCS/CCS_CODE/ccs/tools/compiler/ti-cgt-msp430_20.2.0.LTS/include" --advice:power=all --define=__MSP430G2553__ -g --printf_support=minimal --diag_warning=225 --diag_wrap=off --display_error_number --preproc_with_compile --preproc_dependency="main.d_raw"  "../main.c"
 
>> Compilation failure
subdir_rules.mk:9: recipe for target 'main.obj' failed
"..\Clock.h", line 100: warning #1-D: last line of file ends without a newline
"..\TimerA.h", line 61: warning #78-D: this declaration has no storage class or type specifier
"..\TimerA.h", line 60: warning #1111-D: pragma vector can only be applied to a function definition, not "_interrupt" (declared at line 61)
"..\TimerA.h", line 61: error #66: expected a ";"
At end of source: warning #12-D: parsing restarts here after previous syntax error
1 error detected in the compilation of "../main.c".
gmake: *** [main.obj] Error 1
gmake: Target 'all' not remade because of errors.

**** Build Finished ****

**** Build of configuration Debug for project P2 TimerA Blink LED1 ****

"C:\\CCS\\CCS_CODE\\ccs\\utils\\bin\\gmake" -k -j 4 all -O 
 
Building file: "../main.c"
Invoking: MSP430 Compiler
"C:/CCS/CCS_CODE/ccs/tools/compiler/ti-cgt-msp430_20.2.0.LTS/bin/cl430" -vmsp --use_hw_mpy=none --include_path="C:/CCS/CCS_CODE/ccs/ccs_base/msp430/include" --include_path="C:/0Practice/Hardware/MSP430/G2553/P2 TimerA Blink LED1" --include_path="C:/CCS/CCS_CODE/ccs/tools/compiler/ti-cgt-msp430_20.2.0.LTS/include" --advice:power=all --define=__MSP430G2553__ -g --printf_support=minimal --diag_warning=225 --diag_wrap=off --display_error_number --preproc_with_compile --preproc_dependency="main.d_raw"  "../main.c"
"..\Clock.h", line 100: warning #1-D: last line of file ends without a newline
"../main.c", line 14: remark #1527-D: (ULP 2.1) Detected SW delay loop using empty loop. Recommend using a timer module instead
Finished building: "../main.c"
 
Building target: "P2 TimerA Blink LED1.out"
Invoking: MSP430 Linker
"C:/CCS/CCS_CODE/ccs/tools/compiler/ti-cgt-msp430_20.2.0.LTS/bin/cl430" -vmsp --use_hw_mpy=none --advice:power=all --define=__MSP430G2553__ -g --printf_support=minimal --diag_warning=225 --diag_wrap=off --display_error_number -z -m"P2 TimerA Blink LED1.map" --heap_size=80 --stack_size=80 -i"C:/CCS/CCS_CODE/ccs/ccs_base/msp430/include" -i"C:/CCS/CCS_CODE/ccs/tools/compiler/ti-cgt-msp430_20.2.0.LTS/lib" -i"C:/CCS/CCS_CODE/ccs/tools/compiler/ti-cgt-msp430_20.2.0.LTS/include" --reread_libs --diag_wrap=off --display_error_number --warn_sections --xml_link_info="P2 TimerA Blink LED1_linkInfo.xml" --use_hw_mpy=none --rom_model -o "P2 TimerA Blink LED1.out" "./main.obj" "../lnk_msp430g2553.cmd"  -llibc.a 
<Linking>
remark #10371-D: (ULP 1.1) Detected no uses of low power mode state changing instructions
remark #10372-D: (ULP 4.1) Detected uninitialized Port 2 in this project. Recommend initializing all unused ports to eliminate wasted current consumption on unused pins.
remark #10372-D: (ULP 4.1) Detected uninitialized Port 3 in this project. Recommend initializing all unused ports to eliminate wasted current consumption on unused pins.
Finished building target: "P2 TimerA Blink LED1.out"
 

**** Build Finished ****

**** Build of configuration Debug for project P2 TimerA Blink LED1 ****

"C:\\CCS\\CCS_CODE\\ccs\\utils\\bin\\gmake" -k -j 4 all -O 
 
gmake[1]: 'P2 TimerA Blink LED1.out' is up to date.

**** Build Finished ****

**** Build of configuration Debug for project P2 TimerA Blink LED1 ****

"C:\\CCS\\CCS_CODE\\ccs\\utils\\bin\\gmake" -k -j 4 all -O 
 
Building file: "../main.c"
Invoking: MSP430 Compiler
"C:/CCS/CCS_CODE/ccs/tools/compiler/ti-cgt-msp430_20.2.0.LTS/bin/cl430" -vmsp --use_hw_mpy=none --include_path="C:/CCS/CCS_CODE/ccs/ccs_base/msp430/include" --include_path="C:/0Practice/Hardware/MSP430/G2553/P2 TimerA Blink LED1" --include_path="C:/CCS/CCS_CODE/ccs/tools/compiler/ti-cgt-msp430_20.2.0.LTS/include" --advice:power=all --define=__MSP430G2553__ -g --printf_support=minimal --diag_warning=225 --diag_wrap=off --display_error_number --preproc_with_compile --preproc_dependency="main.d_raw"  "../main.c"
"../main.c", line 14: remark #1527-D: (ULP 2.1) Detected SW delay loop using empty loop. Recommend using a timer module instead
Finished building: "../main.c"
 
Building target: "P2 TimerA Blink LED1.out"
Invoking: MSP430 Linker
"C:/CCS/CCS_CODE/ccs/tools/compiler/ti-cgt-msp430_20.2.0.LTS/bin/cl430" -vmsp --use_hw_mpy=none --advice:power=all --define=__MSP430G2553__ -g --printf_support=minimal --diag_warning=225 --diag_wrap=off --display_error_number -z -m"P2 TimerA Blink LED1.map" --heap_size=80 --stack_size=80 -i"C:/CCS/CCS_CODE/ccs/ccs_base/msp430/include" -i"C:/CCS/CCS_CODE/ccs/tools/compiler/ti-cgt-msp430_20.2.0.LTS/lib" -i"C:/CCS/CCS_CODE/ccs/tools/compiler/ti-cgt-msp430_20.2.0.LTS/include" --reread_libs --diag_wrap=off --display_error_number --warn_sections --xml_link_info="P2 TimerA Blink LED1_linkInfo.xml" --use_hw_mpy=none --rom_model -o "P2 TimerA Blink LED1.out" "./main.obj" "../lnk_msp430g2553.cmd"  -llibc.a 
<Linking>
remark #10371-D: (ULP 1.1) Detected no uses of low power mode state changing instructions
remark #10372-D: (ULP 4.1) Detected uninitialized Port 2 in this project. Recommend initializing all unused ports to eliminate wasted current consumption on unused pins.
remark #10372-D: (ULP 4.1) Detected uninitialized Port 3 in this project. Recommend initializing all unused ports to eliminate wasted current consumption on unused pins.
Finished building target: "P2 TimerA Blink LED1.out"
 

**** Build Finished ****

**** Build of configuration Debug for project P2 TimerA Blink LED1 ****

"C:\\CCS\\CCS_CODE\\ccs\\utils\\bin\\gmake" -k -j 4 all -O 
 
Building file: "../main.c"
Invoking: MSP430 Compiler
"C:/CCS/CCS_CODE/ccs/tools/compiler/ti-cgt-msp430_20.2.0.LTS/bin/cl430" -vmsp --use_hw_mpy=none --include_path="C:/CCS/CCS_CODE/ccs/ccs_base/msp430/include" --include_path="C:/0Practice/Hardware/MSP430/G2553/P2 TimerA Blink LED1" --include_path="C:/CCS/CCS_CODE/ccs/tools/compiler/ti-cgt-msp430_20.2.0.LTS/include" --advice:power=all --define=__MSP430G2553__ -g --printf_support=minimal --diag_warning=225 --diag_wrap=off --display_error_number --preproc_with_compile --preproc_dependency="main.d_raw"  "../main.c"
"../main.c", line 14: remark #1527-D: (ULP 2.1) Detected SW delay loop using empty loop. Recommend using a timer module instead
Finished building: "../main.c"
 
Building target: "P2 TimerA Blink LED1.out"
Invoking: MSP430 Linker
"C:/CCS/CCS_CODE/ccs/tools/compiler/ti-cgt-msp430_20.2.0.LTS/bin/cl430" -vmsp --use_hw_mpy=none --advice:power=all --define=__MSP430G2553__ -g --printf_support=minimal --diag_warning=225 --diag_wrap=off --display_error_number -z -m"P2 TimerA Blink LED1.map" --heap_size=80 --stack_size=80 -i"C:/CCS/CCS_CODE/ccs/ccs_base/msp430/include" -i"C:/CCS/CCS_CODE/ccs/tools/compiler/ti-cgt-msp430_20.2.0.LTS/lib" -i"C:/CCS/CCS_CODE/ccs/tools/compiler/ti-cgt-msp430_20.2.0.LTS/include" --reread_libs --diag_wrap=off --display_error_number --warn_sections --xml_link_info="P2 TimerA Blink LED1_linkInfo.xml" --use_hw_mpy=none --rom_model -o "P2 TimerA Blink LED1.out" "./main.obj" "../lnk_msp430g2553.cmd"  -llibc.a 
<Linking>
remark #10371-D: (ULP 1.1) Detected no uses of low power mode state changing instructions
remark #10372-D: (ULP 4.1) Detected uninitialized Port 2 in this project. Recommend initializing all unused ports to eliminate wasted current consumption on unused pins.
remark #10372-D: (ULP 4.1) Detected uninitialized Port 3 in this project. Recommend initializing all unused ports to eliminate wasted current consumption on unused pins.
Finished building target: "P2 TimerA Blink LED1.out"
 

**** Build Finished ****

**** Build of configuration Debug for project P2 TimerA Blink LED1 ****

"C:\\CCS\\CCS_CODE\\ccs\\utils\\bin\\gmake" -k -j 4 all -O 
 
gmake[1]: 'P2 TimerA Blink LED1.out' is up to date.

**** Build Finished ****

**** Build of configuration Debug for project P2 TimerA Blink LED1 ****

"C:\\CCS\\CCS_CODE\\ccs\\utils\\bin\\gmake" -k -j 4 all -O 
 
Building file: "../main.c"
Invoking: MSP430 Compiler
"C:/CCS/CCS_CODE/ccs/tools/compiler/ti-cgt-msp430_20.2.0.LTS/bin/cl430" -vmsp --use_hw_mpy=none --include_path="C:/CCS/CCS_CODE/ccs/ccs_base/msp430/include" --include_path="C:/0Practice/Hardware/MSP430/G2553/P2 TimerA Blink LED1" --include_path="C:/CCS/CCS_CODE/ccs/tools/compiler/ti-cgt-msp430_20.2.0.LTS/include" --advice:power=all --define=__MSP430G2553__ -g --printf_support=minimal --diag_warning=225 --diag_wrap=off --display_error_number --preproc_with_compile --preproc_dependency="main.d_raw"  "../main.c"
"../main.c", line 14: remark #1527-D: (ULP 2.1) Detected SW delay loop using empty loop. Recommend using a timer module instead
Finished building: "../main.c"
 
Building target: "P2 TimerA Blink LED1.out"
Invoking: MSP430 Linker
"C:/CCS/CCS_CODE/ccs/tools/compiler/ti-cgt-msp430_20.2.0.LTS/bin/cl430" -vmsp --use_hw_mpy=none --advice:power=all --define=__MSP430G2553__ -g --printf_support=minimal --diag_warning=225 --diag_wrap=off --display_error_number -z -m"P2 TimerA Blink LED1.map" --heap_size=80 --stack_size=80 -i"C:/CCS/CCS_CODE/ccs/ccs_base/msp430/include" -i"C:/CCS/CCS_CODE/ccs/tools/compiler/ti-cgt-msp430_20.2.0.LTS/lib" -i"C:/CCS/CCS_CODE/ccs/tools/compiler/ti-cgt-msp430_20.2.0.LTS/include" --reread_libs --diag_wrap=off --display_error_number --warn_sections --xml_link_info="P2 TimerA Blink LED1_linkInfo.xml" --use_hw_mpy=none --rom_model -o "P2 TimerA Blink LED1.out" "./main.obj" "../lnk_msp430g2553.cmd"  -llibc.a 
<Linking>
remark #10372-D: (ULP 4.1) Detected uninitialized Port 2 in this project. Recommend initializing all unused ports to eliminate wasted current consumption on unused pins.
remark #10372-D: (ULP 4.1) Detected uninitialized Port 3 in this project. Recommend initializing all unused ports to eliminate wasted current consumption on unused pins.
Finished building target: "P2 TimerA Blink LED1.out"
 

**** Build Finished ****

**** Build of configuration Debug for project P2 TimerA Blink LED1 ****

"C:\\CCS\\CCS_CODE\\ccs\\utils\\bin\\gmake" -k -j 4 all -O 
 
gmake[1]: 'P2 TimerA Blink LED1.out' is up to date.

**** Build Finished ****

**** Build of configuration Debug for project P2 TimerA Blink LED1 ****

"C:\\CCS\\CCS_CODE\\ccs\\utils\\bin\\gmake" -k -j 4 all -O 
 
Building file: "../main.c"
Invoking: MSP430 Compiler
"C:/CCS/CCS_CODE/ccs/tools/compiler/ti-cgt-msp430_20.2.0.LTS/bin/cl430" -vmsp --use_hw_mpy=none --include_path="C:/CCS/CCS_CODE/ccs/ccs_base/msp430/include" --include_path="C:/0Practice/Hardware/MSP430/G2553/P2 TimerA Blink LED1" --include_path="C:/CCS/CCS_CODE/ccs/tools/compiler/ti-cgt-msp430_20.2.0.LTS/include" --advice:power=all --define=__MSP430G2553__ -g --printf_support=minimal --diag_warning=225 --diag_wrap=off --display_error_number --preproc_with_compile --preproc_dependency="main.d_raw"  "../main.c"
"../main.c", line 25: remark #1527-D: (ULP 2.1) Detected SW delay loop using empty loop. Recommend using a timer module instead
Finished building: "../main.c"
 
Building target: "P2 TimerA Blink LED1.out"
Invoking: MSP430 Linker
"C:/CCS/CCS_CODE/ccs/tools/compiler/ti-cgt-msp430_20.2.0.LTS/bin/cl430" -vmsp --use_hw_mpy=none --advice:power=all --define=__MSP430G2553__ -g --printf_support=minimal --diag_warning=225 --diag_wrap=off --display_error_number -z -m"P2 TimerA Blink LED1.map" --heap_size=80 --stack_size=80 -i"C:/CCS/CCS_CODE/ccs/ccs_base/msp430/include" -i"C:/CCS/CCS_CODE/ccs/tools/compiler/ti-cgt-msp430_20.2.0.LTS/lib" -i"C:/CCS/CCS_CODE/ccs/tools/compiler/ti-cgt-msp430_20.2.0.LTS/include" --reread_libs --diag_wrap=off --display_error_number --warn_sections --xml_link_info="P2 TimerA Blink LED1_linkInfo.xml" --use_hw_mpy=none --rom_model -o "P2 TimerA Blink LED1.out" "./main.obj" "../lnk_msp430g2553.cmd"  -llibc.a 
<Linking>
remark #10371-D: (ULP 1.1) Detected no uses of low power mode state changing instructions
remark #10372-D: (ULP 4.1) Detected uninitialized Port 2 in this project. Recommend initializing all unused ports to eliminate wasted current consumption on unused pins.
remark #10372-D: (ULP 4.1) Detected uninitialized Port 3 in this project. Recommend initializing all unused ports to eliminate wasted current consumption on unused pins.
Finished building target: "P2 TimerA Blink LED1.out"
 

**** Build Finished ****

**** Build of configuration Debug for project P2 TimerA Blink LED1 ****

"C:\\CCS\\CCS_CODE\\ccs\\utils\\bin\\gmake" -k -j 4 all -O 
 
gmake[1]: 'P2 TimerA Blink LED1.out' is up to date.

**** Build Finished ****

**** Build of configuration Debug for project P2 TimerA Blink LED1 ****

"C:\\CCS\\CCS_CODE\\ccs\\utils\\bin\\gmake" -k -j 4 all -O 
 
Building file: "../main.c"
Invoking: MSP430 Compiler
"C:/CCS/CCS_CODE/ccs/tools/compiler/ti-cgt-msp430_20.2.0.LTS/bin/cl430" -vmsp --use_hw_mpy=none --include_path="C:/CCS/CCS_CODE/ccs/ccs_base/msp430/include" --include_path="C:/0Practice/Hardware/MSP430/G2553/P2 TimerA Blink LED1" --include_path="C:/CCS/CCS_CODE/ccs/tools/compiler/ti-cgt-msp430_20.2.0.LTS/include" --advice:power=all --define=__MSP430G2553__ -g --printf_support=minimal --diag_warning=225 --diag_wrap=off --display_error_number --preproc_with_compile --preproc_dependency="main.d_raw"  "../main.c"
"../main.c", line 22: remark #1527-D: (ULP 2.1) Detected SW delay loop using empty loop. Recommend using a timer module instead
Finished building: "../main.c"
 
Building target: "P2 TimerA Blink LED1.out"
Invoking: MSP430 Linker
"C:/CCS/CCS_CODE/ccs/tools/compiler/ti-cgt-msp430_20.2.0.LTS/bin/cl430" -vmsp --use_hw_mpy=none --advice:power=all --define=__MSP430G2553__ -g --printf_support=minimal --diag_warning=225 --diag_wrap=off --display_error_number -z -m"P2 TimerA Blink LED1.map" --heap_size=80 --stack_size=80 -i"C:/CCS/CCS_CODE/ccs/ccs_base/msp430/include" -i"C:/CCS/CCS_CODE/ccs/tools/compiler/ti-cgt-msp430_20.2.0.LTS/lib" -i"C:/CCS/CCS_CODE/ccs/tools/compiler/ti-cgt-msp430_20.2.0.LTS/include" --reread_libs --diag_wrap=off --display_error_number --warn_sections --xml_link_info="P2 TimerA Blink LED1_linkInfo.xml" --use_hw_mpy=none --rom_model -o "P2 TimerA Blink LED1.out" "./main.obj" "../lnk_msp430g2553.cmd"  -llibc.a 
<Linking>
remark #10371-D: (ULP 1.1) Detected no uses of low power mode state changing instructions
remark #10372-D: (ULP 4.1) Detected uninitialized Port 2 in this project. Recommend initializing all unused ports to eliminate wasted current consumption on unused pins.
remark #10372-D: (ULP 4.1) Detected uninitialized Port 3 in this project. Recommend initializing all unused ports to eliminate wasted current consumption on unused pins.
Finished building target: "P2 TimerA Blink LED1.out"
 

**** Build Finished ****

**** Build of configuration Debug for project P2 TimerA Blink LED1 ****

"C:\\CCS\\CCS_CODE\\ccs\\utils\\bin\\gmake" -k -j 4 all -O 
 
gmake[1]: 'P2 TimerA Blink LED1.out' is up to date.

**** Build Finished ****

**** Build of configuration Debug for project P2 TimerA Blink LED1 ****

"C:\\CCS\\CCS_CODE\\ccs\\utils\\bin\\gmake" -k -j 4 all -O 
 
Building file: "../main.c"
Invoking: MSP430 Compiler
"C:/CCS/CCS_CODE/ccs/tools/compiler/ti-cgt-msp430_20.2.0.LTS/bin/cl430" -vmsp --use_hw_mpy=none --include_path="C:/CCS/CCS_CODE/ccs/ccs_base/msp430/include" --include_path="C:/0Practice/Hardware/MSP430/G2553/P2 TimerA Blink LED1" --include_path="C:/CCS/CCS_CODE/ccs/tools/compiler/ti-cgt-msp430_20.2.0.LTS/include" --advice:power=all --define=__MSP430G2553__ -g --printf_support=minimal --diag_warning=225 --diag_wrap=off --display_error_number --preproc_with_compile --preproc_dependency="main.d_raw"  "../main.c"
"../main.c", line 22: remark #1527-D: (ULP 2.1) Detected SW delay loop using empty loop. Recommend using a timer module instead
Finished building: "../main.c"
 
Building target: "P2 TimerA Blink LED1.out"
Invoking: MSP430 Linker
"C:/CCS/CCS_CODE/ccs/tools/compiler/ti-cgt-msp430_20.2.0.LTS/bin/cl430" -vmsp --use_hw_mpy=none --advice:power=all --define=__MSP430G2553__ -g --printf_support=minimal --diag_warning=225 --diag_wrap=off --display_error_number -z -m"P2 TimerA Blink LED1.map" --heap_size=80 --stack_size=80 -i"C:/CCS/CCS_CODE/ccs/ccs_base/msp430/include" -i"C:/CCS/CCS_CODE/ccs/tools/compiler/ti-cgt-msp430_20.2.0.LTS/lib" -i"C:/CCS/CCS_CODE/ccs/tools/compiler/ti-cgt-msp430_20.2.0.LTS/include" --reread_libs --diag_wrap=off --display_error_number --warn_sections --xml_link_info="P2 TimerA Blink LED1_linkInfo.xml" --use_hw_mpy=none --rom_model -o "P2 TimerA Blink LED1.out" "./main.obj" "../lnk_msp430g2553.cmd"  -llibc.a 
<Linking>
remark #10371-D: (ULP 1.1) Detected no uses of low power mode state changing instructions
remark #10372-D: (ULP 4.1) Detected uninitialized Port 2 in this project. Recommend initializing all unused ports to eliminate wasted current consumption on unused pins.
remark #10372-D: (ULP 4.1) Detected uninitialized Port 3 in this project. Recommend initializing all unused ports to eliminate wasted current consumption on unused pins.
Finished building target: "P2 TimerA Blink LED1.out"
 

**** Build Finished ****

**** Build of configuration Debug for project P2 TimerA Blink LED1 ****

"C:\\CCS\\CCS_CODE\\ccs\\utils\\bin\\gmake" -k -j 4 all -O 
 
gmake[1]: 'P2 TimerA Blink LED1.out' is up to date.

**** Build Finished ****

**** Build of configuration Debug for project P2 TimerA Blink LED1 ****

"C:\\CCS\\CCS_CODE\\ccs\\utils\\bin\\gmake" -k -j 4 all -O 
 
Building file: "../main.c"
Invoking: MSP430 Compiler
"C:/CCS/CCS_CODE/ccs/tools/compiler/ti-cgt-msp430_20.2.0.LTS/bin/cl430" -vmsp --use_hw_mpy=none --include_path="C:/CCS/CCS_CODE/ccs/ccs_base/msp430/include" --include_path="C:/0Practice/Hardware/MSP430/G2553/P2 TimerA Blink LED1" --include_path="C:/CCS/CCS_CODE/ccs/tools/compiler/ti-cgt-msp430_20.2.0.LTS/include" --advice:power=all --define=__MSP430G2553__ -g --printf_support=minimal --diag_warning=225 --diag_wrap=off --display_error_number --preproc_with_compile --preproc_dependency="main.d_raw"  "../main.c"
"../main.c", line 23: remark #1527-D: (ULP 2.1) Detected SW delay loop using empty loop. Recommend using a timer module instead
Finished building: "../main.c"
 
Building target: "P2 TimerA Blink LED1.out"
Invoking: MSP430 Linker
"C:/CCS/CCS_CODE/ccs/tools/compiler/ti-cgt-msp430_20.2.0.LTS/bin/cl430" -vmsp --use_hw_mpy=none --advice:power=all --define=__MSP430G2553__ -g --printf_support=minimal --diag_warning=225 --diag_wrap=off --display_error_number -z -m"P2 TimerA Blink LED1.map" --heap_size=80 --stack_size=80 -i"C:/CCS/CCS_CODE/ccs/ccs_base/msp430/include" -i"C:/CCS/CCS_CODE/ccs/tools/compiler/ti-cgt-msp430_20.2.0.LTS/lib" -i"C:/CCS/CCS_CODE/ccs/tools/compiler/ti-cgt-msp430_20.2.0.LTS/include" --reread_libs --diag_wrap=off --display_error_number --warn_sections --xml_link_info="P2 TimerA Blink LED1_linkInfo.xml" --use_hw_mpy=none --rom_model -o "P2 TimerA Blink LED1.out" "./main.obj" "../lnk_msp430g2553.cmd"  -llibc.a 
<Linking>
remark #10371-D: (ULP 1.1) Detected no uses of low power mode state changing instructions
remark #10372-D: (ULP 4.1) Detected uninitialized Port 2 in this project. Recommend initializing all unused ports to eliminate wasted current consumption on unused pins.
remark #10372-D: (ULP 4.1) Detected uninitialized Port 3 in this project. Recommend initializing all unused ports to eliminate wasted current consumption on unused pins.
Finished building target: "P2 TimerA Blink LED1.out"
 

**** Build Finished ****

**** Build of configuration Debug for project P2 TimerA Blink LED1 ****

"C:\\CCS\\CCS_CODE\\ccs\\utils\\bin\\gmake" -k -j 4 all -O 
 
gmake[1]: 'P2 TimerA Blink LED1.out' is up to date.

**** Build Finished ****

**** Build of configuration Debug for project P2 TimerA Blink LED1 ****

"C:\\CCS\\CCS_CODE\\ccs\\utils\\bin\\gmake" -k -j 4 all -O 
 
Building file: "../main.c"
Invoking: MSP430 Compiler
"C:/CCS/CCS_CODE/ccs/tools/compiler/ti-cgt-msp430_20.2.0.LTS/bin/cl430" -vmsp --use_hw_mpy=none --include_path="C:/CCS/CCS_CODE/ccs/ccs_base/msp430/include" --include_path="C:/0Practice/Hardware/MSP430/G2553/P2 TimerA Blink LED1" --include_path="C:/CCS/CCS_CODE/ccs/tools/compiler/ti-cgt-msp430_20.2.0.LTS/include" --advice:power=all --define=__MSP430G2553__ -g --printf_support=minimal --diag_warning=225 --diag_wrap=off --display_error_number --preproc_with_compile --preproc_dependency="main.d_raw"  "../main.c"
"../main.c", line 10: warning #225-D: function "TimerA_Init" declared implicitly
"../main.c", line 24: remark #1527-D: (ULP 2.1) Detected SW delay loop using empty loop. Recommend using a timer module instead
Finished building: "../main.c"
 
Building target: "P2 TimerA Blink LED1.out"
Invoking: MSP430 Linker
"C:/CCS/CCS_CODE/ccs/tools/compiler/ti-cgt-msp430_20.2.0.LTS/bin/cl430" -vmsp --use_hw_mpy=none --advice:power=all --define=__MSP430G2553__ -g --printf_support=minimal --diag_warning=225 --diag_wrap=off --display_error_number -z -m"P2 TimerA Blink LED1.map" --heap_size=80 --stack_size=80 -i"C:/CCS/CCS_CODE/ccs/ccs_base/msp430/include" -i"C:/CCS/CCS_CODE/ccs/tools/compiler/ti-cgt-msp430_20.2.0.LTS/lib" -i"C:/CCS/CCS_CODE/ccs/tools/compiler/ti-cgt-msp430_20.2.0.LTS/include" --reread_libs --diag_wrap=off --display_error_number --warn_sections --xml_link_info="P2 TimerA Blink LED1_linkInfo.xml" --use_hw_mpy=none --rom_model -o "P2 TimerA Blink LED1.out" "./main.obj" "../lnk_msp430g2553.cmd"  -llibc.a 
<Linking>
 
remark #10371-D: (ULP 1.1) Detected no uses of low power mode state changing instructions
 undefined   first referenced
remark #10372-D: (ULP 4.1) Detected uninitialized Port 2 in this project. Recommend initializing all unused ports to eliminate wasted current consumption on unused pins.
remark #10372-D: (ULP 4.1) Detected uninitialized Port 3 in this project. Recommend initializing all unused ports to eliminate wasted current consumption on unused pins.
 
>> Compilation failure
makefile:141: recipe for target 'P2 TimerA Blink LED1.out' failed
  symbol         in file     
 ---------   ----------------
 TimerA_Init ./main.obj      
 
error #10234-D: unresolved symbols remain
error #10010: errors encountered during linking; "P2 TimerA Blink LED1.out" not built
gmake[1]: *** [P2 TimerA Blink LED1.out] Error 1
makefile:137: recipe for target 'all' failed
gmake: *** [all] Error 2

**** Build Finished ****

**** Build of configuration Debug for project P2 TimerA Blink LED1 ****

"C:\\CCS\\CCS_CODE\\ccs\\utils\\bin\\gmake" -k -j 4 all -O 
 
Building file: "../main.c"
Invoking: MSP430 Compiler
"C:/CCS/CCS_CODE/ccs/tools/compiler/ti-cgt-msp430_20.2.0.LTS/bin/cl430" -vmsp --use_hw_mpy=none --include_path="C:/CCS/CCS_CODE/ccs/ccs_base/msp430/include" --include_path="C:/0Practice/Hardware/MSP430/G2553/P2 TimerA Blink LED1" --include_path="C:/CCS/CCS_CODE/ccs/tools/compiler/ti-cgt-msp430_20.2.0.LTS/include" --advice:power=all --define=__MSP430G2553__ -g --printf_support=minimal --diag_warning=225 --diag_wrap=off --display_error_number --preproc_with_compile --preproc_dependency="main.d_raw"  "../main.c"
 
>> Compilation failure
subdir_rules.mk:9: recipe for target 'main.obj' failed
"../main.c", line 24: remark #1527-D: (ULP 2.1) Detected SW delay loop using empty loop. Recommend using a timer module instead
"../main.c", line 29: error #249: function "Timer_A" has already been defined
1 error detected in the compilation of "../main.c".
gmake: *** [main.obj] Error 1
gmake: Target 'all' not remade because of errors.

**** Build Finished ****

**** Build of configuration Debug for project P2 TimerA Blink LED1 ****

"C:\\CCS\\CCS_CODE\\ccs\\utils\\bin\\gmake" -k -j 4 all -O 
 
Building file: "../main.c"
Invoking: MSP430 Compiler
"C:/CCS/CCS_CODE/ccs/tools/compiler/ti-cgt-msp430_20.2.0.LTS/bin/cl430" -vmsp --use_hw_mpy=none --include_path="C:/CCS/CCS_CODE/ccs/ccs_base/msp430/include" --include_path="C:/0Practice/Hardware/MSP430/G2553/P2 TimerA Blink LED1" --include_path="C:/CCS/CCS_CODE/ccs/tools/compiler/ti-cgt-msp430_20.2.0.LTS/include" --advice:power=all --define=__MSP430G2553__ -g --printf_support=minimal --diag_warning=225 --diag_wrap=off --display_error_number --preproc_with_compile --preproc_dependency="main.d_raw"  "../main.c"
"../main.c", line 24: remark #1527-D: (ULP 2.1) Detected SW delay loop using empty loop. Recommend using a timer module instead
Finished building: "../main.c"
 
Building target: "P2 TimerA Blink LED1.out"
Invoking: MSP430 Linker
"C:/CCS/CCS_CODE/ccs/tools/compiler/ti-cgt-msp430_20.2.0.LTS/bin/cl430" -vmsp --use_hw_mpy=none --advice:power=all --define=__MSP430G2553__ -g --printf_support=minimal --diag_warning=225 --diag_wrap=off --display_error_number -z -m"P2 TimerA Blink LED1.map" --heap_size=80 --stack_size=80 -i"C:/CCS/CCS_CODE/ccs/ccs_base/msp430/include" -i"C:/CCS/CCS_CODE/ccs/tools/compiler/ti-cgt-msp430_20.2.0.LTS/lib" -i"C:/CCS/CCS_CODE/ccs/tools/compiler/ti-cgt-msp430_20.2.0.LTS/include" --reread_libs --diag_wrap=off --display_error_number --warn_sections --xml_link_info="P2 TimerA Blink LED1_linkInfo.xml" --use_hw_mpy=none --rom_model -o "P2 TimerA Blink LED1.out" "./main.obj" "../lnk_msp430g2553.cmd"  -llibc.a 
<Linking>
remark #10371-D: (ULP 1.1) Detected no uses of low power mode state changing instructions
remark #10372-D: (ULP 4.1) Detected uninitialized Port 2 in this project. Recommend initializing all unused ports to eliminate wasted current consumption on unused pins.
remark #10372-D: (ULP 4.1) Detected uninitialized Port 3 in this project. Recommend initializing all unused ports to eliminate wasted current consumption on unused pins.
Finished building target: "P2 TimerA Blink LED1.out"
 

**** Build Finished ****

**** Build of configuration Debug for project P2 TimerA Blink LED1 ****

"C:\\CCS\\CCS_CODE\\ccs\\utils\\bin\\gmake" -k -j 4 all -O 
 
gmake[1]: 'P2 TimerA Blink LED1.out' is up to date.

**** Build Finished ****

**** Build of configuration Debug for project P2 TimerA Blink LED1 ****

"C:\\CCS\\CCS_CODE\\ccs\\utils\\bin\\gmake" -k -j 4 all -O 
 
Building file: "../main.c"
Invoking: MSP430 Compiler
"C:/CCS/CCS_CODE/ccs/tools/compiler/ti-cgt-msp430_20.2.0.LTS/bin/cl430" -vmsp --use_hw_mpy=none --include_path="C:/CCS/CCS_CODE/ccs/ccs_base/msp430/include" --include_path="C:/0Practice/Hardware/MSP430/G2553/P2 TimerA Blink LED1" --include_path="C:/CCS/CCS_CODE/ccs/tools/compiler/ti-cgt-msp430_20.2.0.LTS/include" --advice:power=all --define=__MSP430G2553__ -g --printf_support=minimal --diag_warning=225 --diag_wrap=off --display_error_number --preproc_with_compile --preproc_dependency="main.d_raw"  "../main.c"
"../main.c", line 24: remark #1527-D: (ULP 2.1) Detected SW delay loop using empty loop. Recommend using a timer module instead
Finished building: "../main.c"
 
Building target: "P2 TimerA Blink LED1.out"
Invoking: MSP430 Linker
"C:/CCS/CCS_CODE/ccs/tools/compiler/ti-cgt-msp430_20.2.0.LTS/bin/cl430" -vmsp --use_hw_mpy=none --advice:power=all --define=__MSP430G2553__ -g --printf_support=minimal --diag_warning=225 --diag_wrap=off --display_error_number -z -m"P2 TimerA Blink LED1.map" --heap_size=80 --stack_size=80 -i"C:/CCS/CCS_CODE/ccs/ccs_base/msp430/include" -i"C:/CCS/CCS_CODE/ccs/tools/compiler/ti-cgt-msp430_20.2.0.LTS/lib" -i"C:/CCS/CCS_CODE/ccs/tools/compiler/ti-cgt-msp430_20.2.0.LTS/include" --reread_libs --diag_wrap=off --display_error_number --warn_sections --xml_link_info="P2 TimerA Blink LED1_linkInfo.xml" --use_hw_mpy=none --rom_model -o "P2 TimerA Blink LED1.out" "./main.obj" "../lnk_msp430g2553.cmd"  -llibc.a 
<Linking>
remark #10371-D: (ULP 1.1) Detected no uses of low power mode state changing instructions
remark #10372-D: (ULP 4.1) Detected uninitialized Port 2 in this project. Recommend initializing all unused ports to eliminate wasted current consumption on unused pins.
remark #10372-D: (ULP 4.1) Detected uninitialized Port 3 in this project. Recommend initializing all unused ports to eliminate wasted current consumption on unused pins.
Finished building target: "P2 TimerA Blink LED1.out"
 

**** Build Finished ****

**** Build of configuration Debug for project P2 TimerA Blink LED1 ****

"C:\\CCS\\CCS_CODE\\ccs\\utils\\bin\\gmake" -k -j 4 all -O 
 
gmake[1]: 'P2 TimerA Blink LED1.out' is up to date.

**** Build Finished ****

**** Build of configuration Debug for project P2 TimerA Blink LED1 ****

"C:\\CCS\\CCS_CODE\\ccs\\utils\\bin\\gmake" -k -j 4 all -O 
 
gmake[1]: 'P2 TimerA Blink LED1.out' is up to date.

**** Build Finished ****

**** Build of configuration Debug for project P2 TimerA Blink LED1 ****

"C:\\CCS\\CCS_CODE\\ccs\\utils\\bin\\gmake" -k -j 4 all -O 
 
gmake[1]: 'P2 TimerA Blink LED1.out' is up to date.

**** Build Finished ****

**** Build of configuration Debug for project P2 TimerA Blink LED1 ****

"C:\\CCS\\CCS_CODE\\ccs\\utils\\bin\\gmake" -k -j 4 all -O 
 
gmake[1]: 'P2 TimerA Blink LED1.out' is up to date.

**** Build Finished ****

**** Build of configuration Debug for project P2 TimerA Blink LED1 ****

"C:\\CCS\\CCS_CODE\\ccs\\utils\\bin\\gmake" -k -j 4 all -O 
 
Building file: "../main.c"
Invoking: MSP430 Compiler
"C:/CCS/CCS_CODE/ccs/tools/compiler/ti-cgt-msp430_20.2.0.LTS/bin/cl430" -vmsp --use_hw_mpy=none --include_path="C:/CCS/CCS_CODE/ccs/ccs_base/msp430/include" --include_path="C:/0Practice/Hardware/MSP430/G2553/P2 TimerA Blink LED1" --include_path="C:/CCS/CCS_CODE/ccs/tools/compiler/ti-cgt-msp430_20.2.0.LTS/include" --advice:power=all --define=__MSP430G2553__ -g --printf_support=minimal --diag_warning=225 --diag_wrap=off --display_error_number --preproc_with_compile --preproc_dependency="main.d_raw"  "../main.c"
"../main.c", line 24: remark #1527-D: (ULP 2.1) Detected SW delay loop using empty loop. Recommend using a timer module instead
Finished building: "../main.c"
 
Building target: "P2 TimerA Blink LED1.out"
Invoking: MSP430 Linker
"C:/CCS/CCS_CODE/ccs/tools/compiler/ti-cgt-msp430_20.2.0.LTS/bin/cl430" -vmsp --use_hw_mpy=none --advice:power=all --define=__MSP430G2553__ -g --printf_support=minimal --diag_warning=225 --diag_wrap=off --display_error_number -z -m"P2 TimerA Blink LED1.map" --heap_size=80 --stack_size=80 -i"C:/CCS/CCS_CODE/ccs/ccs_base/msp430/include" -i"C:/CCS/CCS_CODE/ccs/tools/compiler/ti-cgt-msp430_20.2.0.LTS/lib" -i"C:/CCS/CCS_CODE/ccs/tools/compiler/ti-cgt-msp430_20.2.0.LTS/include" --reread_libs --diag_wrap=off --display_error_number --warn_sections --xml_link_info="P2 TimerA Blink LED1_linkInfo.xml" --use_hw_mpy=none --rom_model -o "P2 TimerA Blink LED1.out" "./main.obj" "../lnk_msp430g2553.cmd"  -llibc.a 
<Linking>
remark #10371-D: (ULP 1.1) Detected no uses of low power mode state changing instructions
remark #10372-D: (ULP 4.1) Detected uninitialized Port 2 in this project. Recommend initializing all unused ports to eliminate wasted current consumption on unused pins.
remark #10372-D: (ULP 4.1) Detected uninitialized Port 3 in this project. Recommend initializing all unused ports to eliminate wasted current consumption on unused pins.
Finished building target: "P2 TimerA Blink LED1.out"
 

**** Build Finished ****

**** Build of configuration Debug for project P2 TimerA Blink LED1 ****

"C:\\CCS\\CCS_CODE\\ccs\\utils\\bin\\gmake" -k -j 4 all -O 
 
gmake[1]: 'P2 TimerA Blink LED1.out' is up to date.

**** Build Finished ****

**** Build of configuration Debug for project P2 TimerA Blink LED1 ****

"C:\\CCS\\CCS_CODE\\ccs\\utils\\bin\\gmake" -k -j 4 all -O 
 
Building file: "../main.c"
Invoking: MSP430 Compiler
"C:/CCS/CCS_CODE/ccs/tools/compiler/ti-cgt-msp430_20.2.0.LTS/bin/cl430" -vmsp --use_hw_mpy=none --include_path="C:/CCS/CCS_CODE/ccs/ccs_base/msp430/include" --include_path="C:/0Practice/Hardware/MSP430/G2553/P2 TimerA Blink LED1" --include_path="C:/CCS/CCS_CODE/ccs/tools/compiler/ti-cgt-msp430_20.2.0.LTS/include" --advice:power=all --define=__MSP430G2553__ -g --printf_support=minimal --diag_warning=225 --diag_wrap=off --display_error_number --preproc_with_compile --preproc_dependency="main.d_raw"  "../main.c"
"../main.c", line 24: remark #1527-D: (ULP 2.1) Detected SW delay loop using empty loop. Recommend using a timer module instead
Finished building: "../main.c"
 
Building target: "P2 TimerA Blink LED1.out"
Invoking: MSP430 Linker
"C:/CCS/CCS_CODE/ccs/tools/compiler/ti-cgt-msp430_20.2.0.LTS/bin/cl430" -vmsp --use_hw_mpy=none --advice:power=all --define=__MSP430G2553__ -g --printf_support=minimal --diag_warning=225 --diag_wrap=off --display_error_number -z -m"P2 TimerA Blink LED1.map" --heap_size=80 --stack_size=80 -i"C:/CCS/CCS_CODE/ccs/ccs_base/msp430/include" -i"C:/CCS/CCS_CODE/ccs/tools/compiler/ti-cgt-msp430_20.2.0.LTS/lib" -i"C:/CCS/CCS_CODE/ccs/tools/compiler/ti-cgt-msp430_20.2.0.LTS/include" --reread_libs --diag_wrap=off --display_error_number --warn_sections --xml_link_info="P2 TimerA Blink LED1_linkInfo.xml" --use_hw_mpy=none --rom_model -o "P2 TimerA Blink LED1.out" "./main.obj" "../lnk_msp430g2553.cmd"  -llibc.a 
<Linking>
remark #10371-D: (ULP 1.1) Detected no uses of low power mode state changing instructions
remark #10372-D: (ULP 4.1) Detected uninitialized Port 2 in this project. Recommend initializing all unused ports to eliminate wasted current consumption on unused pins.
remark #10372-D: (ULP 4.1) Detected uninitialized Port 3 in this project. Recommend initializing all unused ports to eliminate wasted current consumption on unused pins.
Finished building target: "P2 TimerA Blink LED1.out"
 

**** Build Finished ****

**** Build of configuration Debug for project P2 TimerA Blink LED1 ****

"C:\\CCS\\CCS_CODE\\ccs\\utils\\bin\\gmake" -k -j 4 all -O 
 
gmake[1]: 'P2 TimerA Blink LED1.out' is up to date.

**** Build Finished ****

**** Build of configuration Debug for project P2 TimerA Blink LED1 ****

"C:\\CCS\\CCS_CODE\\ccs\\utils\\bin\\gmake" -k -j 4 all -O 
 
gmake[1]: 'P2 TimerA Blink LED1.out' is up to date.

**** Build Finished ****

**** Build of configuration Debug for project P2 TimerA Blink LED1 ****

"C:\\CCS\\CCS_CODE\\ccs\\utils\\bin\\gmake" -k -j 4 all -O 
 
gmake[1]: 'P2 TimerA Blink LED1.out' is up to date.

**** Build Finished ****

**** Build of configuration Debug for project P2 TimerA Blink LED1 ****

"C:\\CCS\\CCS_CODE\\ccs\\utils\\bin\\gmake" -k -j 4 all -O 
 
gmake[1]: 'P2 TimerA Blink LED1.out' is up to date.

**** Build Finished ****

**** Clean-only build of configuration Debug for project P0 Example ****

"C:\\CCS\\CCS_CODE\\ccs\\utils\\bin\\gmake" -k -j 4 clean -O 
 
DEL /F  "P0 Example.hex"  "P0 Example.out" 
DEL /F "blink.obj" 
DEL /F "blink.d" 
Finished clean
 

**** Build Finished ****

**** Build of configuration Debug for project P0 Example ****

"C:\\CCS\\CCS_CODE\\ccs\\utils\\bin\\gmake" -k -j 4 all -O 
 
Building file: "../blink.c"
Invoking: MSP430 Compiler
"C:/CCS/CCS_CODE/ccs/tools/compiler/ti-cgt-msp430_20.2.0.LTS/bin/cl430" -vmsp --use_hw_mpy=none --include_path="C:/CCS/CCS_CODE/ccs/ccs_base/msp430/include" --include_path="C:/0Practice/Hardware/MSP430/G2553/P0 Example" --include_path="C:/CCS/CCS_CODE/ccs/tools/compiler/ti-cgt-msp430_20.2.0.LTS/include" --advice:power=all --define=__MSP430G2553__ -g --printf_support=minimal --diag_warning=225 --diag_wrap=off --display_error_number --preproc_with_compile --preproc_dependency="blink.d_raw"  "../blink.c"
"../blink.c", line 17: remark #1527-D: (ULP 2.1) Detected SW delay loop using empty loop. Recommend using a timer module instead
Finished building: "../blink.c"
 
Building target: "P0 Example.out"
Invoking: MSP430 Linker
"C:/CCS/CCS_CODE/ccs/tools/compiler/ti-cgt-msp430_20.2.0.LTS/bin/cl430" -vmsp --use_hw_mpy=none --advice:power=all --define=__MSP430G2553__ -g --printf_support=minimal --diag_warning=225 --diag_wrap=off --display_error_number -z -m"P0 Example.map" --heap_size=80 --stack_size=80 -i"C:/CCS/CCS_CODE/ccs/ccs_base/msp430/include" -i"C:/CCS/CCS_CODE/ccs/tools/compiler/ti-cgt-msp430_20.2.0.LTS/lib" -i"C:/CCS/CCS_CODE/ccs/tools/compiler/ti-cgt-msp430_20.2.0.LTS/include" --reread_libs --diag_wrap=off --display_error_number --warn_sections --xml_link_info="P0 Example_linkInfo.xml" --use_hw_mpy=none --rom_model -o "P0 Example.out" "./blink.obj" "../lnk_msp430g2553.cmd"  -llibc.a 
<Linking>
remark #10371-D: (ULP 1.1) Detected no uses of low power mode state changing instructions
remark #10372-D: (ULP 4.1) Detected uninitialized Port 2 in this project. Recommend initializing all unused ports to eliminate wasted current consumption on unused pins.
remark #10372-D: (ULP 4.1) Detected uninitialized Port 3 in this project. Recommend initializing all unused ports to eliminate wasted current consumption on unused pins.
Finished building target: "P0 Example.out"
 

**** Build Finished ****

**** Clean-only build of configuration Debug for project P1 Blink LED2 ****

"C:\\CCS\\CCS_CODE\\ccs\\utils\\bin\\gmake" -k -j 4 clean -O 
 
DEL /F  "P1 Blink LED2.hex"  "P1 Blink LED2.out" 
DEL /F "main.obj" 
DEL /F "main.d" 
Finished clean
 

**** Build Finished ****

**** Build of configuration Debug for project P1 Blink LED2 ****

"C:\\CCS\\CCS_CODE\\ccs\\utils\\bin\\gmake" -k -j 4 all -O 
 
Building file: "../main.c"
Invoking: MSP430 Compiler
"C:/CCS/CCS_CODE/ccs/tools/compiler/ti-cgt-msp430_20.2.0.LTS/bin/cl430" -vmsp --use_hw_mpy=none --include_path="C:/CCS/CCS_CODE/ccs/ccs_base/msp430/include" --include_path="C:/0Practice/Hardware/MSP430/G2553/P1 Blink LED2" --include_path="C:/CCS/CCS_CODE/ccs/tools/compiler/ti-cgt-msp430_20.2.0.LTS/include" --advice:power=all --define=__MSP430G2553__ -g --printf_support=minimal --diag_warning=225 --diag_wrap=off --display_error_number --preproc_with_compile --preproc_dependency="main.d_raw"  "../main.c"
"../main.c", line 11: remark #1527-D: (ULP 2.1) Detected SW delay loop using empty loop. Recommend using a timer module instead
"../main.c", line 13: remark #1527-D: (ULP 2.1) Detected SW delay loop using empty loop. Recommend using a timer module instead
"../main.c", line 11: remark #1527-D: (ULP 2.1) Detected SW delay loop using empty loop. Recommend using a timer module instead
"../main.c", line 13: remark #1527-D: (ULP 2.1) Detected SW delay loop using empty loop. Recommend using a timer module instead
Finished building: "../main.c"
 
Building target: "P1 Blink LED2.out"
Invoking: MSP430 Linker
"C:/CCS/CCS_CODE/ccs/tools/compiler/ti-cgt-msp430_20.2.0.LTS/bin/cl430" -vmsp --use_hw_mpy=none --advice:power=all --define=__MSP430G2553__ -g --printf_support=minimal --diag_warning=225 --diag_wrap=off --display_error_number -z -m"P1 Blink LED2.map" --heap_size=80 --stack_size=80 -i"C:/CCS/CCS_CODE/ccs/ccs_base/msp430/include" -i"C:/CCS/CCS_CODE/ccs/tools/compiler/ti-cgt-msp430_20.2.0.LTS/lib" -i"C:/CCS/CCS_CODE/ccs/tools/compiler/ti-cgt-msp430_20.2.0.LTS/include" --reread_libs --diag_wrap=off --display_error_number --warn_sections --xml_link_info="P1 Blink LED2_linkInfo.xml" --use_hw_mpy=none --rom_model -o "P1 Blink LED2.out" "./main.obj" "../lnk_msp430g2553.cmd"  -llibc.a 
<Linking>
remark #10371-D: (ULP 1.1) Detected no uses of low power mode state changing instructions
remark #10372-D: (ULP 4.1) Detected uninitialized Port 2 in this project. Recommend initializing all unused ports to eliminate wasted current consumption on unused pins.
remark #10372-D: (ULP 4.1) Detected uninitialized Port 3 in this project. Recommend initializing all unused ports to eliminate wasted current consumption on unused pins.
Finished building target: "P1 Blink LED2.out"
 

**** Build Finished ****

**** Build of configuration Debug for project P2 TimerA Blink LED1 ****

"C:\\CCS\\CCS_CODE\\ccs\\utils\\bin\\gmake" -k -j 4 all -O 
 
gmake[1]: 'P2 TimerA Blink LED1.out' is up to date.

**** Build Finished ****

**** Build of configuration Debug for project P2 TimerA Blink LED1 ****

"C:\\CCS\\CCS_CODE\\ccs\\utils\\bin\\gmake" -k -j 4 all -O 
 
gmake[1]: 'P2 TimerA Blink LED1.out' is up to date.

**** Build Finished ****

**** Build of configuration Debug for project P2 TimerA Blink LED1 ****

"C:\\CCS\\CCS_CODE\\ccs\\utils\\bin\\gmake" -k -j 4 all -O 
 
Building file: "../main.c"
Invoking: MSP430 Compiler
"C:/CCS/CCS_CODE/ccs/tools/compiler/ti-cgt-msp430_20.2.0.LTS/bin/cl430" -vmsp --use_hw_mpy=none --include_path="C:/CCS/CCS_CODE/ccs/ccs_base/msp430/include" --include_path="C:/0Practice/Hardware/MSP430/G2553/P2 TimerA Blink LED1" --include_path="C:/CCS/CCS_CODE/ccs/tools/compiler/ti-cgt-msp430_20.2.0.LTS/include" --advice:power=all --define=__MSP430G2553__ -g --printf_support=minimal --diag_warning=225 --diag_wrap=off --display_error_number --preproc_with_compile --preproc_dependency="main.d_raw"  "../main.c"
"../main.c", line 14: remark #1527-D: (ULP 2.1) Detected SW delay loop using empty loop. Recommend using a timer module instead
Finished building: "../main.c"
 
Building target: "P2 TimerA Blink LED1.out"
Invoking: MSP430 Linker
"C:/CCS/CCS_CODE/ccs/tools/compiler/ti-cgt-msp430_20.2.0.LTS/bin/cl430" -vmsp --use_hw_mpy=none --advice:power=all --define=__MSP430G2553__ -g --printf_support=minimal --diag_warning=225 --diag_wrap=off --display_error_number -z -m"P2 TimerA Blink LED1.map" --heap_size=80 --stack_size=80 -i"C:/CCS/CCS_CODE/ccs/ccs_base/msp430/include" -i"C:/CCS/CCS_CODE/ccs/tools/compiler/ti-cgt-msp430_20.2.0.LTS/lib" -i"C:/CCS/CCS_CODE/ccs/tools/compiler/ti-cgt-msp430_20.2.0.LTS/include" --reread_libs --diag_wrap=off --display_error_number --warn_sections --xml_link_info="P2 TimerA Blink LED1_linkInfo.xml" --use_hw_mpy=none --rom_model -o "P2 TimerA Blink LED1.out" "./main.obj" "../lnk_msp430g2553.cmd"  -llibc.a 
<Linking>
remark #10371-D: (ULP 1.1) Detected no uses of low power mode state changing instructions
remark #10372-D: (ULP 4.1) Detected uninitialized Port 2 in this project. Recommend initializing all unused ports to eliminate wasted current consumption on unused pins.
remark #10372-D: (ULP 4.1) Detected uninitialized Port 3 in this project. Recommend initializing all unused ports to eliminate wasted current consumption on unused pins.
Finished building target: "P2 TimerA Blink LED1.out"
 

**** Build Finished ****

**** Build of configuration Debug for project P2 TimerA Blink LED1 ****

"C:\\CCS\\CCS_CODE\\ccs\\utils\\bin\\gmake" -k -j 4 all -O 
 
gmake[1]: 'P2 TimerA Blink LED1.out' is up to date.

**** Build Finished ****

**** Build of configuration Debug for project P2 TimerA Blink LED1 ****

"C:\\CCS\\CCS_CODE\\ccs\\utils\\bin\\gmake" -k -j 4 all -O 
 
Building file: "../main.c"
Invoking: MSP430 Compiler
"C:/CCS/CCS_CODE/ccs/tools/compiler/ti-cgt-msp430_20.2.0.LTS/bin/cl430" -vmsp --use_hw_mpy=none --include_path="C:/CCS/CCS_CODE/ccs/ccs_base/msp430/include" --include_path="C:/0Practice/Hardware/MSP430/G2553/P2 TimerA Blink LED1" --include_path="C:/CCS/CCS_CODE/ccs/tools/compiler/ti-cgt-msp430_20.2.0.LTS/include" --advice:power=all --define=__MSP430G2553__ -g --printf_support=minimal --diag_warning=225 --diag_wrap=off --display_error_number --preproc_with_compile --preproc_dependency="main.d_raw"  "../main.c"
"../main.c", line 14: remark #1527-D: (ULP 2.1) Detected SW delay loop using empty loop. Recommend using a timer module instead
Finished building: "../main.c"
 
Building target: "P2 TimerA Blink LED1.out"
Invoking: MSP430 Linker
"C:/CCS/CCS_CODE/ccs/tools/compiler/ti-cgt-msp430_20.2.0.LTS/bin/cl430" -vmsp --use_hw_mpy=none --advice:power=all --define=__MSP430G2553__ -g --printf_support=minimal --diag_warning=225 --diag_wrap=off --display_error_number -z -m"P2 TimerA Blink LED1.map" --heap_size=80 --stack_size=80 -i"C:/CCS/CCS_CODE/ccs/ccs_base/msp430/include" -i"C:/CCS/CCS_CODE/ccs/tools/compiler/ti-cgt-msp430_20.2.0.LTS/lib" -i"C:/CCS/CCS_CODE/ccs/tools/compiler/ti-cgt-msp430_20.2.0.LTS/include" --reread_libs --diag_wrap=off --display_error_number --warn_sections --xml_link_info="P2 TimerA Blink LED1_linkInfo.xml" --use_hw_mpy=none --rom_model -o "P2 TimerA Blink LED1.out" "./main.obj" "../lnk_msp430g2553.cmd"  -llibc.a 
<Linking>
remark #10372-D: (ULP 4.1) Detected uninitialized Port 2 in this project. Recommend initializing all unused ports to eliminate wasted current consumption on unused pins.
remark #10372-D: (ULP 4.1) Detected uninitialized Port 3 in this project. Recommend initializing all unused ports to eliminate wasted current consumption on unused pins.
Finished building target: "P2 TimerA Blink LED1.out"
 

**** Build Finished ****

**** Build of configuration Debug for project P2 TimerA Blink LED1 ****

"C:\\CCS\\CCS_CODE\\ccs\\utils\\bin\\gmake" -k -j 4 all -O 
 
gmake[1]: 'P2 TimerA Blink LED1.out' is up to date.

**** Build Finished ****

**** Build of configuration Debug for project P2 TimerA Blink LED1 ****

"C:\\CCS\\CCS_CODE\\ccs\\utils\\bin\\gmake" -k -j 4 all -O 
 
gmake[1]: 'P2 TimerA Blink LED1.out' is up to date.

**** Build Finished ****

**** Build of configuration Debug for project P2 TimerA Blink LED1 ****

"C:\\CCS\\CCS_CODE\\ccs\\utils\\bin\\gmake" -k -j 4 all -O 
 
gmake[1]: 'P2 TimerA Blink LED1.out' is up to date.

**** Build Finished ****

**** Build of configuration Debug for project P2 TimerA Blink LED1 ****

"C:\\CCS\\CCS_CODE\\ccs\\utils\\bin\\gmake" -k -j 4 all -O 
 
Building file: "../main.c"
Invoking: MSP430 Compiler
"C:/CCS/CCS_CODE/ccs/tools/compiler/ti-cgt-msp430_20.2.0.LTS/bin/cl430" -vmsp --use_hw_mpy=none --include_path="C:/CCS/CCS_CODE/ccs/ccs_base/msp430/include" --include_path="C:/0Practice/Hardware/MSP430/G2553/P2 TimerA Blink LED1" --include_path="C:/CCS/CCS_CODE/ccs/tools/compiler/ti-cgt-msp430_20.2.0.LTS/include" --advice:power=all --define=__MSP430G2553__ -g --printf_support=minimal --diag_warning=225 --diag_wrap=off --display_error_number --preproc_with_compile --preproc_dependency="main.d_raw"  "../main.c"
"../main.c", line 14: remark #1527-D: (ULP 2.1) Detected SW delay loop using empty loop. Recommend using a timer module instead
Finished building: "../main.c"
 
Building target: "P2 TimerA Blink LED1.out"
Invoking: MSP430 Linker
"C:/CCS/CCS_CODE/ccs/tools/compiler/ti-cgt-msp430_20.2.0.LTS/bin/cl430" -vmsp --use_hw_mpy=none --advice:power=all --define=__MSP430G2553__ -g --printf_support=minimal --diag_warning=225 --diag_wrap=off --display_error_number -z -m"P2 TimerA Blink LED1.map" --heap_size=80 --stack_size=80 -i"C:/CCS/CCS_CODE/ccs/ccs_base/msp430/include" -i"C:/CCS/CCS_CODE/ccs/tools/compiler/ti-cgt-msp430_20.2.0.LTS/lib" -i"C:/CCS/CCS_CODE/ccs/tools/compiler/ti-cgt-msp430_20.2.0.LTS/include" --reread_libs --diag_wrap=off --display_error_number --warn_sections --xml_link_info="P2 TimerA Blink LED1_linkInfo.xml" --use_hw_mpy=none --rom_model -o "P2 TimerA Blink LED1.out" "./main.obj" "../lnk_msp430g2553.cmd"  -llibc.a 
<Linking>
remark #10371-D: (ULP 1.1) Detected no uses of low power mode state changing instructions
remark #10372-D: (ULP 4.1) Detected uninitialized Port 2 in this project. Recommend initializing all unused ports to eliminate wasted current consumption on unused pins.
remark #10372-D: (ULP 4.1) Detected uninitialized Port 3 in this project. Recommend initializing all unused ports to eliminate wasted current consumption on unused pins.
Finished building target: "P2 TimerA Blink LED1.out"
 

**** Build Finished ****

**** Build of configuration Debug for project P2 TimerA Blink LED1 ****

"C:\\CCS\\CCS_CODE\\ccs\\utils\\bin\\gmake" -k -j 4 all -O 
 
gmake[1]: 'P2 TimerA Blink LED1.out' is up to date.

**** Build Finished ****

**** Build of configuration Debug for project P2 TimerA Blink LED1 ****

"C:\\CCS\\CCS_CODE\\ccs\\utils\\bin\\gmake" -k -j 4 all -O 
 
Building file: "../main.c"
Invoking: MSP430 Compiler
"C:/CCS/CCS_CODE/ccs/tools/compiler/ti-cgt-msp430_20.2.0.LTS/bin/cl430" -vmsp --use_hw_mpy=none --include_path="C:/CCS/CCS_CODE/ccs/ccs_base/msp430/include" --include_path="C:/0Practice/Hardware/MSP430/G2553/P2 TimerA Blink LED1" --include_path="C:/CCS/CCS_CODE/ccs/tools/compiler/ti-cgt-msp430_20.2.0.LTS/include" --advice:power=all --define=__MSP430G2553__ -g --printf_support=minimal --diag_warning=225 --diag_wrap=off --display_error_number --preproc_with_compile --preproc_dependency="main.d_raw"  "../main.c"
"../main.c", line 14: remark #1527-D: (ULP 2.1) Detected SW delay loop using empty loop. Recommend using a timer module instead
Finished building: "../main.c"
 
Building target: "P2 TimerA Blink LED1.out"
Invoking: MSP430 Linker
"C:/CCS/CCS_CODE/ccs/tools/compiler/ti-cgt-msp430_20.2.0.LTS/bin/cl430" -vmsp --use_hw_mpy=none --advice:power=all --define=__MSP430G2553__ -g --printf_support=minimal --diag_warning=225 --diag_wrap=off --display_error_number -z -m"P2 TimerA Blink LED1.map" --heap_size=80 --stack_size=80 -i"C:/CCS/CCS_CODE/ccs/ccs_base/msp430/include" -i"C:/CCS/CCS_CODE/ccs/tools/compiler/ti-cgt-msp430_20.2.0.LTS/lib" -i"C:/CCS/CCS_CODE/ccs/tools/compiler/ti-cgt-msp430_20.2.0.LTS/include" --reread_libs --diag_wrap=off --display_error_number --warn_sections --xml_link_info="P2 TimerA Blink LED1_linkInfo.xml" --use_hw_mpy=none --rom_model -o "P2 TimerA Blink LED1.out" "./main.obj" "../lnk_msp430g2553.cmd"  -llibc.a 
<Linking>
remark #10371-D: (ULP 1.1) Detected no uses of low power mode state changing instructions
remark #10372-D: (ULP 4.1) Detected uninitialized Port 2 in this project. Recommend initializing all unused ports to eliminate wasted current consumption on unused pins.
remark #10372-D: (ULP 4.1) Detected uninitialized Port 3 in this project. Recommend initializing all unused ports to eliminate wasted current consumption on unused pins.
Finished building target: "P2 TimerA Blink LED1.out"
 

**** Build Finished ****

**** Build of configuration Debug for project P2 TimerA Blink LED1 ****

"C:\\CCS\\CCS_CODE\\ccs\\utils\\bin\\gmake" -k -j 4 all -O 
 
gmake[1]: 'P2 TimerA Blink LED1.out' is up to date.

**** Build Finished ****

**** Build of configuration Debug for project P2 TimerA Blink LED1 ****

"C:\\CCS\\CCS_CODE\\ccs\\utils\\bin\\gmake" -k -j 4 all -O 
 
gmake[1]: 'P2 TimerA Blink LED1.out' is up to date.

**** Build Finished ****

**** Build of configuration Debug for project P1 Blink LED2 ****

"C:\\CCS\\CCS_CODE\\ccs\\utils\\bin\\gmake" -k -j 4 all -O 
 
gmake[1]: 'P1 Blink LED2.out' is up to date.

**** Build Finished ****

**** Build of configuration Debug for project P0 Example ****

"C:\\CCS\\CCS_CODE\\ccs\\utils\\bin\\gmake" -k -j 4 all -O 
 
gmake[1]: 'P0 Example.out' is up to date.

**** Build Finished ****

**** Build of configuration Debug for project P0 Example ****

"C:\\CCS\\CCS_CODE\\ccs\\utils\\bin\\gmake" -k -j 4 all -O 
 
gmake[1]: 'P0 Example.out' is up to date.

**** Build Finished ****
